# JRE version: OpenJDK Runtime Environment (8.0_152-b08) (build 1.8.0_152-release-915-b08)
# Java VM: OpenJDK 64-Bit Server VM (25.152-b08 mixed mode bsd-amd64 compressed oops)
Heap:
 PSYoungGen      total 478720K, used 461749K [0x00000007a0000000, 0x00000007bf500000, 0x00000007c0000000)
  eden space 447488K, 100% used [0x00000007a0000000,0x00000007bb500000,0x00000007bb500000)
  from space 31232K, 45% used [0x00000007bd680000,0x00000007be46d4c0,0x00000007bf500000)
  to   space 32768K, 32% used [0x00000007bb500000,0x00000007bbf74090,0x00000007bd500000)
 ParOldGen       total 225792K, used 83553K [0x0000000760000000, 0x000000076dc80000, 0x00000007a0000000)
  object space 225792K, 37% used [0x0000000760000000,0x0000000765198478,0x000000076dc80000)
 Metaspace       used 96542K, capacity 112952K, committed 113024K, reserved 1144832K
  class space    used 12535K, capacity 16953K, committed 17024K, reserved 1048576K
GC Heap History (10 events):
Event: 59862.817 GC heap after
Heap after GC invocations=88 (full 4):
 PSYoungGen      total 477696K, used 14724K [0x00000007a0000000, 0x00000007bf780000, 0x00000007c0000000)
  eden space 443904K, 0% used [0x00000007a0000000,0x00000007a0000000,0x00000007bb180000)
  from space 33792K, 43% used [0x00000007bd680000,0x00000007be4e1298,0x00000007bf780000)
  to   space 35840K, 0% used [0x00000007bb180000,0x00000007bb180000,0x00000007bd480000)
 ParOldGen       total 225792K, used 81494K [0x0000000760000000, 0x000000076dc80000, 0x00000007a0000000)
  object space 225792K, 36% used [0x0000000760000000,0x0000000764f958d0,0x000000076dc80000)
 Metaspace       used 95828K, capacity 111132K, committed 111232K, reserved 1144832K
  class space    used 12392K, capacity 16433K, committed 16512K, reserved 1048576K
}
Event: 62386.235 GC heap before
{Heap before GC invocations=89 (full 4):
 PSYoungGen      total 477696K, used 458628K [0x00000007a0000000, 0x00000007bf780000, 0x00000007c0000000)
  eden space 443904K, 100% used [0x00000007a0000000,0x00000007bb180000,0x00000007bb180000)
  from space 33792K, 43% used [0x00000007bd680000,0x00000007be4e1298,0x00000007bf780000)
  to   space 35840K, 0% used [0x00000007bb180000,0x00000007bb180000,0x00000007bd480000)
 ParOldGen       total 225792K, used 81494K [0x0000000760000000, 0x000000076dc80000, 0x00000007a0000000)
  object space 225792K, 36% used [0x0000000760000000,0x0000000764f958d0,0x000000076dc80000)
 Metaspace       used 95899K, capacity 111316K, committed 111488K, reserved 1144832K
  class space    used 12403K, capacity 16473K, committed 16512K, reserved 1048576K
Event: 62386.369 GC heap after
Heap after GC invocations=89 (full 4):
 PSYoungGen      total 479744K, used 7990K [0x00000007a0000000, 0x00000007bfa00000, 0x00000007c0000000)
  eden space 443904K, 0% used [0x00000007a0000000,0x00000007a0000000,0x00000007bb180000)
  from space 35840K, 22% used [0x00000007bb180000,0x00000007bb94d830,0x00000007bd480000)
  to   space 35840K, 0% used [0x00000007bd700000,0x00000007bd700000,0x00000007bfa00000)
 ParOldGen       total 225792K, used 81745K [0x0000000760000000, 0x000000076dc80000, 0x00000007a0000000)
  object space 225792K, 36% used [0x0000000760000000,0x0000000764fd4450,0x000000076dc80000)
 Metaspace       used 95899K, capacity 111316K, committed 111488K, reserved 1144832K
  class space    used 12403K, capacity 16473K, committed 16512K, reserved 1048576K
}
Event: 62978.690 GC heap before
{Heap before GC invocations=90 (full 4):
 PSYoungGen      total 479744K, used 451894K [0x00000007a0000000, 0x00000007bfa00000, 0x00000007c0000000)
  eden space 443904K, 100% used [0x00000007a0000000,0x00000007bb180000,0x00000007bb180000)
  from space 35840K, 22% used [0x00000007bb180000,0x00000007bb94d830,0x00000007bd480000)
  to   space 35840K, 0% used [0x00000007bd700000,0x00000007bd700000,0x00000007bfa00000)
 ParOldGen       total 225792K, used 81745K [0x0000000760000000, 0x000000076dc80000, 0x00000007a0000000)
  object space 225792K, 36% used [0x0000000760000000,0x0000000764fd4450,0x000000076dc80000)
 Metaspace       used 96052K, capacity 111740K, committed 111872K, reserved 1144832K
  class space    used 12436K, capacity 16593K, committed 16640K, reserved 1048576K
Event: 62978.825 GC heap after
Heap after GC invocations=90 (full 4):
 PSYoungGen      total 479232K, used 12743K [0x00000007a0000000, 0x00000007bf780000, 0x00000007c0000000)
  eden space 445952K, 0% used [0x00000007a0000000,0x00000007a0000000,0x00000007bb380000)
  from space 33280K, 38% used [0x00000007bd700000,0x00000007be371f50,0x00000007bf780000)
  to   space 34816K, 0% used [0x00000007bb380000,0x00000007bb380000,0x00000007bd580000)
 ParOldGen       total 225792K, used 82334K [0x0000000760000000, 0x000000076dc80000, 0x00000007a0000000)
  object space 225792K, 36% used [0x0000000760000000,0x0000000765067a90,0x000000076dc80000)
 Metaspace       used 96052K, capacity 111740K, committed 111872K, reserved 1144832K
  class space    used 12436K, capacity 16593K, committed 16640K, reserved 1048576K
}
Event: 63804.023 GC heap before
{Heap before GC invocations=91 (full 4):
 PSYoungGen      total 479232K, used 458695K [0x00000007a0000000, 0x00000007bf780000, 0x00000007c0000000)
  eden space 445952K, 100% used [0x00000007a0000000,0x00000007bb380000,0x00000007bb380000)
  from space 33280K, 38% used [0x00000007bd700000,0x00000007be371f50,0x00000007bf780000)
  to   space 34816K, 0% used [0x00000007bb380000,0x00000007bb380000,0x00000007bd580000)
 ParOldGen       total 225792K, used 82334K [0x0000000760000000, 0x000000076dc80000, 0x00000007a0000000)
  object space 225792K, 36% used [0x0000000760000000,0x0000000765067a90,0x000000076dc80000)
 Metaspace       used 96197K, capacity 112100K, committed 112256K, reserved 1144832K
  class space    used 12469K, capacity 16713K, committed 16768K, reserved 1048576K
Event: 63804.130 GC heap after
Heap after GC invocations=91 (full 4):
 PSYoungGen      total 480768K, used 12055K [0x00000007a0000000, 0x00000007bf780000, 0x00000007c0000000)
  eden space 445952K, 0% used [0x00000007a0000000,0x00000007a0000000,0x00000007bb380000)
  from space 34816K, 34% used [0x00000007bb380000,0x00000007bbf45dc8,0x00000007bd580000)
  to   space 33792K, 0% used [0x00000007bd680000,0x00000007bd680000,0x00000007bf780000)
 ParOldGen       total 225792K, used 82966K [0x0000000760000000, 0x000000076dc80000, 0x00000007a0000000)
  object space 225792K, 36% used [0x0000000760000000,0x0000000765105ad0,0x000000076dc80000)
 Metaspace       used 96197K, capacity 112100K, committed 112256K, reserved 1144832K
  class space    used 12469K, capacity 16713K, committed 16768K, reserved 1048576K
}
Event: 65853.236 GC heap before
{Heap before GC invocations=92 (full 4):
 PSYoungGen      total 480768K, used 458007K [0x00000007a0000000, 0x00000007bf780000, 0x00000007c0000000)
  eden space 445952K, 100% used [0x00000007a0000000,0x00000007bb380000,0x00000007bb380000)
  from space 34816K, 34% used [0x00000007bb380000,0x00000007bbf45dc8,0x00000007bd580000)
  to   space 33792K, 0% used [0x00000007bd680000,0x00000007bd680000,0x00000007bf780000)
 ParOldGen       total 225792K, used 82966K [0x0000000760000000, 0x000000076dc80000, 0x00000007a0000000)
  object space 225792K, 36% used [0x0000000760000000,0x0000000765105ad0,0x000000076dc80000)
 Metaspace       used 96385K, capacity 112528K, committed 112640K, reserved 1144832K
  class space    used 12502K, capacity 16833K, committed 16896K, reserved 1048576K
Event: 65853.339 GC heap after
Heap after GC invocations=92 (full 4):
 PSYoungGen      total 478720K, used 14261K [0x00000007a0000000, 0x00000007bf500000, 0x00000007c0000000)
  eden space 447488K, 0% used [0x00000007a0000000,0x00000007a0000000,0x00000007bb500000)
  from space 31232K, 45% used [0x00000007bd680000,0x00000007be46d4c0,0x00000007bf500000)
  to   space 32768K, 0% used [0x00000007bb500000,0x00000007bb500000,0x00000007bd500000)
 ParOldGen       total 225792K, used 83186K [0x0000000760000000, 0x000000076dc80000, 0x00000007a0000000)
  object space 225792K, 36% used [0x0000000760000000,0x000000076513c8b8,0x000000076dc80000)
 Metaspace       used 96385K, capacity 112528K, committed 112640K, reserved 1144832K
  class space    used 12502K, capacity 16833K, committed 16896K, reserved 1048576K
}
Event: 67424.060 GC heap before
{Heap before GC invocations=93 (full 4):
 PSYoungGen      total 478720K, used 461749K [0x00000007a0000000, 0x00000007bf500000, 0x00000007c0000000)
  eden space 447488K, 100% used [0x00000007a0000000,0x00000007bb500000,0x00000007bb500000)
  from space 31232K, 45% used [0x00000007bd680000,0x00000007be46d4c0,0x00000007bf500000)
  to   space 32768K, 0% used [0x00000007bb500000,0x00000007bb500000,0x00000007bd500000)
 ParOldGen       total 225792K, used 83186K [0x0000000760000000, 0x000000076dc80000, 0x00000007a0000000)
  object space 225792K, 36% used [0x0000000760000000,0x000000076513c8b8,0x000000076dc80000)
 Metaspace       used 96542K, capacity 112952K, committed 113024K, reserved 1144832K
  class space    used 12535K, capacity 16953K, committed 17024K, reserved 1048576K

